
===========================================================================
  SDN Routing: nsfnet, 100 episodes, 20 demands/ep, 3 regime shifts
===========================================================================
  Regime: failure on [(9, 12)] ep 76-97 sev=7.8
  Regime: failure on [(9, 10), (11, 12), (4, 6)] ep 42-68 sev=4.7
  Regime: failure on [(11, 12), (9, 10), (9, 12)] ep 45-67 sev=9.9

Method         Ep1-10     Ep50 Ep90-100      Mean     Δ%   During    After
------------------------------------------------------------------------------
Static           3.56   302.26    68.27     97.11  +0.0%   202.68     3.72  (0.1s)
React-UCB        3.42   103.90     3.94     11.82 -87.8%    21.12     4.26  (0.2s)
TS               3.61   103.32    14.51     23.90 -75.4%    46.77     5.03  (0.2s)
V1-LCB           3.67   103.61    19.35     31.87 -67.2%    63.65     5.04  (0.1s)
V2-LCB           3.95   103.61     9.41     29.63 -69.5%    58.61     4.95  (0.9s)
Hybrid           3.67   103.46    19.34     30.37 -68.7%    60.46     4.97  (0.1s)
Flow-LCB         3.67   103.46    19.34     30.37 -68.7%    60.46     4.97  (0.1s)
Adapt-β          3.65   103.45    24.34     32.85 -66.2%    65.75     5.04  (0.1s)

--- Learning curve (avg delay per episode, first 5 methods) ---
Ep       Static  React-UCB         TS     V1-LCB     V2-LCB     Hybrid   Flow-LCB    Adapt-β
  1        3.70       3.52       4.22       4.02       4.26       4.02       4.02       3.67
  5        3.22       3.05       3.04       3.22       3.65       3.22       3.22       3.14
  10       3.50       3.38       3.37       3.44       3.44       3.44       3.44       3.46
  20       3.81       3.66       3.66       3.70       4.27       3.70       3.70       3.70
  30       3.08       2.90       2.90       2.91       2.91       2.91       2.91       2.91
  50     302.22     103.38     153.26     103.68     103.66     103.50     103.50     103.50
  70       3.23       5.17       4.20       4.41       4.63       4.36       4.36       4.41
  90      52.80       3.27       3.89       3.80       3.88       3.80       3.80       3.76
  100       3.80       4.38       4.90       5.07       5.05       5.07       5.07       5.03
Saved /home/erzhu419/mine_code/BAPR-HRO/experiments_log/multiseed/sdn_seed3.json
