
===========================================================================
  SDN Routing: nsfnet, 100 episodes, 20 demands/ep, 3 regime shifts
===========================================================================
  Regime: congestion on [(0, 2), (7, 10)] ep 74-93 sev=4.2
  Regime: congestion on [(10, 13)] ep 11-33 sev=9.6
  Regime: failure on [(11, 12)] ep 52-75 sev=7.4

Method         Ep1-10     Ep50 Ep90-100      Mean     Δ%   During    After
------------------------------------------------------------------------------
Static           2.93     3.63     3.02     12.28  +0.0%    17.75     2.89  (0.0s)
React-UCB        2.90     3.57     3.09      3.73 -69.6%     4.16     2.94  (0.2s)
TS               2.99     3.57     3.43      7.43 -39.5%     9.99     3.19  (0.2s)
V1-LCB           3.11     3.77     3.59      4.64 -62.2%     5.50     3.21  (0.1s)
V2-LCB           3.45     3.74     3.35      3.66 -70.2%     3.79     3.17  (0.8s)
Hybrid           3.24     3.69     3.44      4.58 -62.7%     5.40     3.09  (0.1s)
Flow-LCB         3.24     3.69     3.44      4.58 -62.7%     5.40     3.09  (0.2s)
Adapt-β          3.11     3.76     3.40      4.56 -62.8%     5.38     3.07  (0.1s)

--- Learning curve (avg delay per episode, first 5 methods) ---
Ep       Static  React-UCB         TS     V1-LCB     V2-LCB     Hybrid   Flow-LCB    Adapt-β
  1        2.56       2.48       2.74       2.63       2.91       2.89       2.89       2.63
  5        2.98       2.96       2.99       3.02       3.46       3.16       3.16       3.04
  10       3.14       3.14       3.14       3.20       3.42       3.20       3.20       3.20
  20       3.01       2.56       2.57       2.67       3.53       3.10       3.10       2.67
  30       3.47       3.02       3.41       3.82       3.64       3.79       3.79       3.82
  50       3.45       3.38       3.37       3.65       3.56       3.61       3.61       3.65
  70      52.88       3.04       3.42       3.96       3.74       3.27       3.27       3.27
  90       2.80       2.80       3.44       3.35       2.63       3.35       3.35       3.35
  100       2.84       2.84       2.97       2.98       2.96       2.98       2.98       2.98
Saved /home/erzhu419/mine_code/BAPR-HRO/experiments_log/multiseed/sdn_seed2.json
