
===========================================================================
  SDN Routing: nsfnet, 100 episodes, 20 demands/ep, 3 regime shifts
===========================================================================
  Regime: congestion on [(5, 13), (5, 12), (0, 1)] ep 34-54 sev=8.0
  Regime: congestion on [(10, 13), (8, 11)] ep 24-47 sev=7.7
  Regime: failure on [(8, 11), (10, 13), (4, 6)] ep 12-33 sev=7.6

Method         Ep1-10     Ep50 Ep90-100      Mean     Δ%   During    After
------------------------------------------------------------------------------
Static           3.15     5.66     3.19     53.08  +0.0%   122.03     3.15  (0.0s)
React-UCB        3.11     5.74     3.66      6.66 -87.5%    10.87     3.73  (0.2s)
TS               3.21     7.15     3.89     14.99 -71.8%    30.49     3.91  (0.2s)
V1-LCB           3.33     7.65     3.87      7.14 -86.5%    11.78     3.91  (0.1s)
V2-LCB           3.80     8.07     3.93     12.81 -75.9%    25.05     3.99  (0.7s)
Hybrid           3.32     7.62     3.78      7.10 -86.6%    11.72     3.86  (0.1s)
Flow-LCB         3.32     7.62     3.78      7.09 -86.6%    11.71     3.85  (0.1s)
Adapt-β          3.25     8.03     3.90      7.28 -86.3%    12.08     3.94  (0.1s)

--- Learning curve (avg delay per episode, first 5 methods) ---
Ep       Static  React-UCB         TS     V1-LCB     V2-LCB     Hybrid   Flow-LCB    Adapt-β
  1        3.22       3.18       3.27       3.41       3.52       3.36       3.36       3.41
  5        2.75       2.75       2.75       2.75       4.10       2.75       2.75       2.75
  10       3.17       3.10       3.11       3.27       4.13       3.25       3.25       3.28
  20     302.11       3.63      53.37       3.63     103.03       3.63       3.63       3.63
  30     451.75       4.82       4.69       4.80      54.68       4.80       4.80       4.80
  50       5.61       5.67       7.45       7.70       8.14       7.70       7.70       8.14
  70       3.27       4.27       4.37       4.32       4.32       4.32       4.32       4.32
  90       3.84       4.23       4.57       4.93       4.94       4.59       4.59       4.93
  100       3.49       4.15       4.23       4.44       4.60       4.44       4.44       4.60
Saved /home/erzhu419/mine_code/BAPR-HRO/experiments_log/multiseed/sdn_seed5.json
