
================================================================================
  UC: 10gen, 6sched, 40days, VOLL=$500
  Wind regimes: normal(d1-15) → LOW_WIND(d16-25) → normal(d26-40)
  Warm-start: S0=$672,426 ... S5=$608,874
================================================================================

Method         Normal  LowWind    Recov      Mean     Δ%
-------------------------------------------------------
Static         645047   707936   648062    661900  +0.0%
TS             580885   700391   583914    611897  -7.6%
V1-LCB         580885   699216   583914    611604  -7.6%
V2-LCB         580885   710711   600010    620514  -6.3%
Hybrid         580885   699216   583914    611604  -7.6%
Adapt-β        580885   699216   626181    627454  -5.2%
Flow-LCB       580885   677706   583914    606226  -8.4%

Schedule picks (S0=safe ... S5=aggressive):
  Static    : normal=S0(15/15) LOW=S0(10/10) recov=S0(15/15) 
  TS        : normal=S5(15/15) LOW=S5(8/10) recov=S5(15/15) 
  V1-LCB    : normal=S5(15/15) LOW=S5(7/10) recov=S5(15/15) 
  V2-LCB    : normal=S5(15/15) LOW=S5(6/10) recov=S2(15/15) 
  Hybrid    : normal=S5(15/15) LOW=S5(7/10) recov=S5(15/15) 
  Adapt-β   : normal=S5(15/15) LOW=S5(7/10) recov=S5(15/15) 
  Flow-LCB  : normal=S5(15/15) LOW=S5(5/10) recov=S3(15/15) 
Saved /home/erzhu419/mine_code/BAPR-HRO/experiments_log/multiseed/uc_seed2.json
