
================================================================================
  UC: 10gen, 6sched, 40days, VOLL=$500
  Wind regimes: normal(d1-15) → LOW_WIND(d16-25) → normal(d26-40)
  Warm-start: S0=$672,426 ... S5=$608,874
================================================================================

Method         Normal  LowWind    Recov      Mean     Δ%
-------------------------------------------------------
Static         654457   712428   653294    668514  +0.0%
TS             590444   734453   605270    632006  -5.5%
V1-LCB         590444   720615   646717    644089  -3.7%
V2-LCB         590444   703338   634410    635154  -5.0%
Hybrid         590444   720615   646717    644089  -3.7%
Adapt-β        590444   724632   605270    629551  -5.8%
Flow-LCB       590444   701325   622395    630146  -5.7%

Schedule picks (S0=safe ... S5=aggressive):
  Static    : normal=S0(15/15) LOW=S0(10/10) recov=S0(15/15) 
  TS        : normal=S5(15/15) LOW=S5(8/10) recov=S5(15/15) 
  V1-LCB    : normal=S5(15/15) LOW=S5(7/10) recov=S5(15/15) 
  V2-LCB    : normal=S5(15/15) LOW=S5(6/10) recov=S2(15/15) 
  Hybrid    : normal=S5(15/15) LOW=S5(7/10) recov=S5(15/15) 
  Adapt-β   : normal=S5(15/15) LOW=S5(7/10) recov=S5(15/15) 
  Flow-LCB  : normal=S5(15/15) LOW=S5(5/10) recov=S3(15/15) 
Saved /home/erzhu419/mine_code/BAPR-HRO/experiments_log/multiseed/uc_seed4.json
