
================================================================================
  UC: 10gen, 6sched, 40days, VOLL=$500
  Wind regimes: normal(d1-15) → LOW_WIND(d16-25) → normal(d26-40)
  Warm-start: S0=$672,426 ... S5=$608,874
================================================================================

Method         Normal  LowWind    Recov      Mean     Δ%
-------------------------------------------------------
Static         652682   712390   654102    668142  +0.0%
TS             588624   734872   590279    625806  -6.3%
V1-LCB         588624   711480   590279    619958  -7.2%
V2-LCB         588624   718883   635211    638659  -4.4%
Hybrid         588624   711480   590279    619958  -7.2%
Adapt-β        588624   701849   590279    617551  -7.6%
Flow-LCB       588624   706838   623219    631150  -5.5%

Schedule picks (S0=safe ... S5=aggressive):
  Static    : normal=S0(15/15) LOW=S0(10/10) recov=S0(15/15) 
  TS        : normal=S5(15/15) LOW=S5(8/10) recov=S5(15/15) 
  V1-LCB    : normal=S5(15/15) LOW=S5(7/10) recov=S5(15/15) 
  V2-LCB    : normal=S5(15/15) LOW=S5(6/10) recov=S2(15/15) 
  Hybrid    : normal=S5(15/15) LOW=S5(7/10) recov=S5(15/15) 
  Adapt-β   : normal=S5(15/15) LOW=S5(7/10) recov=S5(15/15) 
  Flow-LCB  : normal=S5(15/15) LOW=S5(5/10) recov=S3(15/15) 
Saved /home/erzhu419/mine_code/BAPR-HRO/experiments_log/multiseed/uc_seed0.json
