
=== Main (20 cust, 10 inst, 15 ep, 15 routes), seed=3 ===

===========================================================================
  VRP Experiment: 20 cust, 10 inst, 15 ep, 15 candidate routes
===========================================================================

Method           Ep1    Ep5   Ep10   Ep15    Mean     Δ%  Last5
----------------------------------------------------------------------
Static-NN        262    259    259    254     261  +0.0%    262  (0.0s)
TS               262    257    257    259     265  +1.5%    263  (0.1s)
V1-LCB           262    260    259    255     264  +0.9%    260  (0.1s)
V2-LCB           262    258    264    256     264  +1.0%    261  (0.5s)
Adapt-β          262    258    261    254     264  +1.0%    262  (0.1s)
Hybrid           262    259    255    255     264  +0.9%    262  (0.1s)
Flow-LCB         262    259    258    255     264  +1.0%    261  (0.1s)

--- Learning Curve (avg over 10 instances) ---
Ep    Static-NN         TS     V1-LCB     V2-LCB    Adapt-β     Hybrid   Flow-LCB
  1       262.0      262.0      262.0      262.0      262.0      262.0      262.0
  2       264.6      272.5      272.5      272.5      272.5      272.5      272.5
  3       264.6      279.2      279.2      279.2      279.2      279.2      279.2
  4       257.5      283.9      283.9      283.9      283.9      283.9      283.9
  5       259.4      257.2      260.3      257.6      257.6      259.4      259.3
  6       258.7      257.3      257.3      257.3      257.3      257.3      257.1
  7       264.1      264.3      262.0      257.9      257.9      257.9      259.0
  8       258.7      264.2      255.7      258.8      255.7      255.7      257.4
  9       261.5      263.0      262.3      262.3      260.5      263.3      263.0
  10      258.6      257.0      258.7      264.0      261.0      254.9      258.2
  11      263.7      267.3      258.7      258.7      263.6      263.7      264.5
  12      266.3      262.5      262.5      262.6      262.6      266.4      264.1
  13      262.1      265.0      264.7      264.1      266.5      260.8      261.6
  14      262.6      261.3      259.1      262.1      263.6      262.6      261.9
  15      253.7      258.6      254.7      255.6      253.7      254.7      254.7
Saved /home/erzhu419/mine_code/BAPR-HRO/experiments_log/multiseed/vrp_seed3.json
