
=== Main (20 cust, 10 inst, 15 ep, 15 routes), seed=0 ===

===========================================================================
  VRP Experiment: 20 cust, 10 inst, 15 ep, 15 candidate routes
===========================================================================

Method           Ep1    Ep5   Ep10   Ep15    Mean     Δ%  Last5
----------------------------------------------------------------------
Static-NN        305    303    300    296     302  +0.0%    301  (0.0s)
TS               305    312    299    310     312  +3.3%    315  (0.1s)
V1-LCB           305    318    304    293     305  +1.1%    300  (0.1s)
V2-LCB           305    318    307    303     309  +2.2%    306  (0.6s)
Adapt-β          305    311    298    306     306  +1.4%    300  (0.1s)
Hybrid           305    302    298    292     304  +0.6%    297  (0.1s)
Flow-LCB         305    318    297    294     309  +2.5%    297  (0.1s)

--- Learning Curve (avg over 10 instances) ---
Ep    Static-NN         TS     V1-LCB     V2-LCB    Adapt-β     Hybrid   Flow-LCB
  1       305.0      305.0      305.0      305.0      305.0      305.0      305.0
  2       296.1      315.0      315.0      315.0      315.0      315.0      315.0
  3       304.0      320.7      320.7      320.7      320.7      320.7      320.7
  4       300.0      323.9      323.9      323.9      323.9      323.9      323.9
  5       302.6      312.3      318.4      318.4      310.9      301.6      318.4
  6       304.9      309.4      299.4      309.2      313.7      325.0      318.2
  7       298.6      300.5      298.4      298.7      301.8      296.4      316.3
  8       310.5      311.3      299.5      297.9      299.5      291.4      323.4
  9       300.1      303.5      296.6      302.4      299.1      296.0      319.7
  10      299.9      299.1      303.7      306.7      297.9      298.0      296.7
  11      310.0      319.6      298.0      316.3      300.0      312.1      301.9
  12      303.2      315.0      297.3      301.5      298.9      296.9      299.3
  13      296.0      318.0      309.7      306.5      298.2      290.1      291.7
  14      300.6      313.9      299.6      302.9      298.9      291.5      295.9
  15      295.8      310.2      293.4      303.5      306.2      292.0      294.0
Saved /home/erzhu419/mine_code/BAPR-HRO/experiments_log/multiseed/vrp_seed0.json
