
=== Main (20 cust, 10 inst, 15 ep, 15 routes), seed=4 ===

===========================================================================
  VRP Experiment: 20 cust, 10 inst, 15 ep, 15 candidate routes
===========================================================================

Method           Ep1    Ep5   Ep10   Ep15    Mean     Δ%  Last5
----------------------------------------------------------------------
Static-NN        274    267    263    265     268  +0.0%    266  (0.7s)
TS               274    268    269    265     272  +1.7%    267  (0.8s)
V1-LCB           274    271    261    263     270  +1.1%    264  (0.6s)
V2-LCB           274    270    267    265     273  +1.9%    268  (0.6s)
Adapt-β          274    270    261    263     270  +1.1%    265  (0.1s)
Hybrid           274    268    261    263     270  +1.0%    264  (0.1s)
Flow-LCB         274    271    266    263     273  +2.1%    269  (0.1s)

--- Learning Curve (avg over 10 instances) ---
Ep    Static-NN         TS     V1-LCB     V2-LCB    Adapt-β     Hybrid   Flow-LCB
  1       273.7      273.7      273.7      273.7      273.7      273.7      273.7
  2       273.0      281.6      281.6      281.6      281.6      281.6      281.6
  3       264.3      283.5      283.5      283.5      283.5      283.5      283.5
  4       266.7      290.4      290.4      290.4      290.4      290.4      290.4
  5       266.8      268.3      270.8      270.1      270.1      268.4      271.2
  6       266.1      270.5      269.1      268.9      269.1      269.1      270.6
  7       268.5      266.0      265.9      275.8      266.9      266.6      270.9
  8       266.1      273.7      265.9      266.1      265.1      265.9      273.8
  9       272.1      269.4      271.5      271.7      269.6      271.5      273.6
  10      263.4      268.8      260.9      267.5      261.1      260.9      266.4
  11      268.1      270.0      264.7      270.3      267.6      264.7      268.0
  12      272.4      271.0      268.5      269.8      267.4      268.5      276.2
  13      264.6      264.1      266.1      267.8      266.1      266.1      271.0
  14      262.3      264.9      259.5      268.1      259.7      259.5      264.5
  15      264.8      265.1      263.1      265.0      263.1      263.1      263.1
Saved /home/erzhu419/mine_code/BAPR-HRO/experiments_log/multiseed/vrp_seed4.json
