
=== Main (20 cust, 10 inst, 15 ep, 15 routes), seed=1 ===

===========================================================================
  VRP Experiment: 20 cust, 10 inst, 15 ep, 15 candidate routes
===========================================================================

Method           Ep1    Ep5   Ep10   Ep15    Mean     Δ%  Last5
----------------------------------------------------------------------
Static-NN        280    281    275    278     278  +0.0%    280  (0.0s)
TS               280    279    275    278     288  +3.7%    284  (0.1s)
V1-LCB           280    282    276    278     288  +3.3%    280  (0.1s)
V2-LCB           280    282    277    282     288  +3.4%    283  (0.5s)
Adapt-β          280    282    275    278     288  +3.3%    280  (0.1s)
Hybrid           280    281    275    278     288  +3.3%    280  (0.1s)
Flow-LCB         280    283    281    278     289  +4.0%    284  (0.1s)

--- Learning Curve (avg over 10 instances) ---
Ep    Static-NN         TS     V1-LCB     V2-LCB    Adapt-β     Hybrid   Flow-LCB
  1       280.2      280.2      280.2      280.2      280.2      280.2      280.2
  2       278.2      301.9      301.9      301.9      301.9      301.9      301.9
  3       276.6      315.2      315.2      315.2      315.2      315.2      315.2
  4       275.2      331.0      331.0      331.0      331.0      331.0      331.0
  5       280.9      279.0      282.4      282.4      282.4      281.3      283.4
  6       273.2      280.4      280.4      275.1      280.4      281.2      276.4
  7       278.7      280.4      283.1      279.1      283.1      281.7      284.8
  8       282.2      283.1      282.5      282.8      283.6      283.6      284.7
  9       276.8      283.0      279.8      280.9      283.0      283.0      284.5
  10      274.6      274.9      275.9      276.9      274.8      274.8      280.5
  11      282.5      283.0      282.4      283.9      280.6      280.6      287.0
  12      279.5      291.2      279.7      280.8      278.4      278.4      284.4
  13      277.7      283.6      278.9      282.4      280.1      280.1      280.9
  14      280.0      282.0      282.8      283.8      281.5      281.5      287.7
  15      278.3      278.3      278.1      281.8      278.1      278.1      278.1
Saved /home/erzhu419/mine_code/BAPR-HRO/experiments_log/multiseed/vrp_seed1.json
