
=== Main (20 cust, 10 inst, 15 ep, 15 routes), seed=5 ===

===========================================================================
  VRP Experiment: 20 cust, 10 inst, 15 ep, 15 candidate routes
===========================================================================

Method           Ep1    Ep5   Ep10   Ep15    Mean     Δ%  Last5
----------------------------------------------------------------------
Static-NN        282    281    283    277     284  +0.0%    284  (0.0s)
TS               282    284    279    284     289  +1.9%    287  (0.1s)
V1-LCB           282    278    279    278     288  +1.7%    283  (0.1s)
V2-LCB           282    280    282    278     289  +1.8%    283  (0.6s)
Adapt-β          282    278    279    276     288  +1.5%    283  (0.1s)
Hybrid           282    280    279    276     288  +1.5%    284  (0.1s)
Flow-LCB         282    278    279    278     288  +1.5%    283  (0.1s)

--- Learning Curve (avg over 10 instances) ---
Ep    Static-NN         TS     V1-LCB     V2-LCB    Adapt-β     Hybrid   Flow-LCB
  1       282.3      282.3      282.3      282.3      282.3      282.3      282.3
  2       277.1      287.7      287.7      287.7      287.7      287.7      287.7
  3       284.6      311.7      311.7      311.7      311.7      311.7      311.7
  4       286.3      321.6      321.6      321.6      321.6      321.6      321.6
  5       280.9      284.2      277.9      279.5      277.9      280.3      277.9
  6       284.8      283.4      290.3      294.2      292.4      284.9      289.5
  7       286.5      286.3      292.4      287.2      282.9      284.2      285.8
  8       288.4      289.1      289.9      290.9      290.4      289.5      291.0
  9       281.2      276.9      280.5      278.3      278.1      275.9      278.7
  10      283.3      278.9      278.8      282.0      278.6      278.6      278.8
  11      289.1      289.4      286.3      286.0      286.0      293.8      286.3
  12      291.6      291.3      289.1      289.1      288.6      288.6      289.1
  13      286.6      283.5      283.6      284.1      284.0      284.0      284.1
  14      275.3      286.0      277.3      277.3      278.3      278.3      277.3
  15      277.0      284.0      277.9      277.9      276.1      276.1      277.9
Saved /home/erzhu419/mine_code/BAPR-HRO/experiments_log/multiseed/vrp_seed5.json
