
=== Main (20 cust, 10 inst, 15 ep, 15 routes), seed=2 ===

===========================================================================
  VRP Experiment: 20 cust, 10 inst, 15 ep, 15 candidate routes
===========================================================================

Method           Ep1    Ep5   Ep10   Ep15    Mean     Δ%  Last5
----------------------------------------------------------------------
Static-NN        268    267    276    265     268  +0.0%    267  (0.0s)
TS               268    278    286    288     278  +4.0%    278  (0.1s)
V1-LCB           268    281    275    268     277  +3.4%    269  (0.1s)
V2-LCB           268    281    275    267     277  +3.5%    270  (0.6s)
Adapt-β          268    283    275    267     277  +3.4%    269  (0.1s)
Hybrid           268    266    272    274     277  +3.4%    274  (0.1s)
Flow-LCB         268    281    291    276     283  +5.9%    284  (0.1s)

--- Learning Curve (avg over 10 instances) ---
Ep    Static-NN         TS     V1-LCB     V2-LCB    Adapt-β     Hybrid   Flow-LCB
  1       268.0      268.0      268.0      268.0      268.0      268.0      268.0
  2       268.3      275.6      275.6      275.6      275.6      275.6      275.6
  3       268.5      296.8      296.8      296.8      296.8      296.8      296.8
  4       263.2      293.3      293.3      293.3      293.3      293.3      293.3
  5       266.9      278.1      281.4      281.4      283.3      266.2      281.4
  6       265.6      274.7      278.2      279.3      278.2      274.6      278.2
  7       268.6      280.7      286.7      287.2      283.0      283.3      284.3
  8       268.5      265.6      283.9      269.2      284.5      275.9      278.8
  9       265.5      264.7      266.3      280.8      266.3      277.9      280.5
  10      276.3      285.9      275.4      274.9      275.4      271.8      291.3
  11      269.5      277.5      271.7      277.9      277.7      272.5      293.6
  12      264.9      264.8      268.7      265.9      268.6      264.7      284.4
  13      264.7      287.7      264.1      267.1      264.1      276.5      280.8
  14      269.9      272.0      270.4      271.3      268.8      279.9      285.7
  15      264.9      287.9      267.7      267.0      267.3      274.0      275.9
Saved /home/erzhu419/mine_code/BAPR-HRO/experiments_log/multiseed/vrp_seed2.json
