=== Quick test (15 cust, 5 inst, 10 ep, 10 routes) ===

===========================================================================
  VRP Experiment: 15 cust, 5 inst, 10 ep, 10 candidate routes
===========================================================================

Method           Ep1    Ep5   Ep10   Ep15    Mean     Δ%  Last5
----------------------------------------------------------------------
Static-NN        282    269    279      0     276  +0.0%    276  (0.0s)
TS               282    261    277      0     281  +2.0%    275  (0.0s)
V1-LCB           282    261    277      0     279  +1.4%    271  (0.0s)
V2-LCB           282    261    277      0     279  +1.4%    271  (0.3s)

--- Learning Curve (avg over 5 instances) ---
Ep    Static-NN         TS     V1-LCB     V2-LCB
  1       282.3      282.3      282.3      282.3
  2       272.3      282.0      282.0      282.0
  3       274.6      304.2      304.2      304.2
  4       275.7      307.7      307.7      307.7
  5       269.3      261.2      261.2      261.2
  6       282.2      280.8      268.7      268.7
  7       274.6      277.0      277.3      277.3
  8       272.1      269.2      269.2      269.2
  9       273.0      270.0      264.6      264.6
  10      279.3      277.1      276.9      276.9


=== Main (20 cust, 10 inst, 15 ep, 15 routes) ===

===========================================================================
  VRP Experiment: 20 cust, 10 inst, 15 ep, 15 candidate routes
===========================================================================

Method           Ep1    Ep5   Ep10   Ep15    Mean     Δ%  Last5
----------------------------------------------------------------------
Static-NN        305    303    300    296     302  +0.0%    301  (0.0s)
TS               305    312    299    310     312  +3.3%    315  (0.1s)
V1-LCB           305    318    304    293     305  +1.1%    300  (0.1s)
V2-LCB           305    318    307    303     309  +2.2%    306  (0.6s)

--- Learning Curve (avg over 10 instances) ---
Ep    Static-NN         TS     V1-LCB     V2-LCB
  1       305.0      305.0      305.0      305.0
  2       296.1      315.0      315.0      315.0
  3       304.0      320.7      320.7      320.7
  4       300.0      323.9      323.9      323.9
  5       302.6      312.3      318.4      318.4
  6       304.9      309.4      299.4      309.2
  7       298.6      300.5      298.4      298.7
  8       310.5      311.3      299.5      297.9
  9       300.1      303.5      296.6      302.4
  10      299.9      299.1      303.7      306.7
  11      310.0      319.6      298.0      316.3
  12      303.2      315.0      297.3      301.5
  13      296.0      318.0      309.7      306.5
  14      300.6      313.9      299.6      302.9
  15      295.8      310.2      293.4      303.5
