
===========================================================================
  SDN Routing: nsfnet, 100 episodes, 20 demands/ep, 3 regime shifts
===========================================================================
  Regime: congestion on [(11, 12)] ep 59-76 sev=8.4
  Regime: congestion on [(3, 4)] ep 72-97 sev=3.3
  Regime: congestion on [(6, 7), (8, 11), (10, 11)] ep 48-61 sev=5.6

Method         Ep1-10     Ep50 Ep90-100      Mean     Δ%   During    After
------------------------------------------------------------------------------
Static           3.28     4.73     3.71      3.60  +0.0%     3.98     3.25  (0.0s)
React-UCB        3.20     4.57     3.31      3.40  -5.6%     3.71     3.12  (0.1s)
TS               3.26     4.82     3.31      3.46  -4.0%     3.81     3.12  (0.1s)
V1-LCB           3.55     6.12     3.47      3.76  +4.4%     4.16     3.29  (0.1s)
V2-LCB           3.53     4.83     3.43      3.71  +3.0%     4.01     3.53  (0.6s)
Hybrid           3.70     5.62     3.46      3.77  +4.8%     4.14     3.26  (0.1s)
Flow-LCB         3.64     5.56     3.46      3.77  +4.8%     4.14     3.25  (0.1s)

--- Learning curve (avg delay per episode, first 5 methods) ---
Ep       Static  React-UCB         TS     V1-LCB     V2-LCB     Hybrid   Flow-LCB
  1        3.77       3.61       3.77       4.35       4.01       4.44       4.35
  5        2.85       2.83       2.83       3.69       3.27       3.74       3.74
  10       3.25       3.22       3.22       3.33       3.63       3.33       3.33
  20       2.93       2.92       2.93       3.01       3.42       3.01       3.01
  30       3.05       2.91       2.91       3.41       2.93       3.48       3.48
  50       4.66       4.61       4.88       5.63       4.87       5.57       5.57
  70       3.84       3.17       3.56       3.93       3.56       4.05       4.05
  90       4.35       3.87       4.17       4.19       3.89       4.19       4.19
  100       2.89       2.88       2.88       2.88       3.35       2.88       2.88
