
===========================================================================
  SDN Routing: nsfnet, 100 episodes, 20 demands/ep, 3 regime shifts
===========================================================================
  Regime: failure on [(3, 8), (1, 2), (6, 7)] ep 36-49 sev=3.2
  Regime: congestion on [(0, 3), (5, 12)] ep 45-70 sev=3.8
  Regime: failure on [(4, 5), (6, 7), (10, 11)] ep 35-58 sev=6.3

Method         Ep1-10     Ep50 Ep90-100      Mean     Δ%   During    After
------------------------------------------------------------------------------
Static           3.03   253.04     3.01     88.98  +0.0%   248.55     3.04  (0.1s)
React-UCB        2.94   254.25     4.07     36.39 -59.1%    97.43     4.19  (0.1s)
TS               3.13   203.87     3.71     53.08 -40.3%   145.36     3.83  (0.3s)
V1-LCB           3.34   204.14     3.92     58.28 -34.5%   159.81     4.02  (0.1s)
V2-LCB           3.59   253.55     3.79     41.43 -53.4%   111.43     3.91  (1.1s)
Hybrid           3.32   105.10     3.90     49.81 -44.0%   135.65     4.00  (0.1s)
Flow-LCB         3.32   154.64     3.91     52.30 -41.2%   142.70     4.03  (0.1s)
Adapt-β          3.28   204.14     3.91     57.27 -35.6%   156.95     4.02  (0.2s)

--- Learning curve (avg delay per episode, first 5 methods) ---
Ep       Static  React-UCB         TS     V1-LCB     V2-LCB     Hybrid   Flow-LCB    Adapt-β
  1        3.11       3.07       3.19       3.72       3.72       3.72       3.72       3.59
  5        2.93       2.78       2.98       3.05       3.41       3.05       3.05       3.05
  10       3.08       2.88       2.91       3.20       3.53       3.20       3.20       3.19
  20       3.69       3.61       3.61       3.81       3.82       3.81       3.81       3.81
  30       3.16       3.14       3.14       3.29       4.16       3.29       3.29       3.29
  50     253.07     154.04     105.08     154.59     203.87     104.91     105.20     154.59
  70       3.84       5.50       4.77       4.88       5.02       4.88       4.77       4.88
  90       3.44       4.80       4.33       4.41       4.63       4.49       4.49       4.41
  100       3.21       4.18       4.11       3.99       4.00       4.11       4.11       3.99
Saved /home/erzhu419/mine_code/BAPR-HRO/experiments_log/multiseed/sdn_seed7.json
