
===========================================================================
  SDN Routing: nsfnet, 100 episodes, 20 demands/ep, 3 regime shifts
===========================================================================
  Regime: failure on [(4, 5), (6, 7)] ep 74-101 sev=8.8
  Regime: failure on [(8, 11)] ep 70-88 sev=4.4
  Regime: failure on [(8, 9)] ep 76-105 sev=4.7

Method         Ep1-10     Ep50 Ep90-100      Mean     Δ%   During    After
------------------------------------------------------------------------------
Static           3.13     3.37   332.24     93.43  +0.0%   303.90     0.00  (0.1s)
React-UCB        3.08     3.28    93.84     46.22 -50.5%   146.74     0.00  (0.1s)
TS               3.24     3.38   113.65     57.16 -38.8%   183.13     0.00  (0.2s)
V1-LCB           3.09     3.33   103.67     48.68 -47.9%   154.93     0.00  (0.1s)
V2-LCB           3.66     4.03   188.29     67.48 -27.8%   216.37     0.00  (0.8s)
Hybrid           3.20     3.39   103.79     47.76 -48.9%   151.66     0.00  (0.1s)
Flow-LCB         3.20     3.39   103.79     47.76 -48.9%   151.66     0.00  (0.1s)
Adapt-β          3.20     3.28   138.82     52.80 -43.5%   168.41     0.00  (0.1s)

--- Learning curve (avg delay per episode, first 5 methods) ---
Ep       Static  React-UCB         TS     V1-LCB     V2-LCB     Hybrid   Flow-LCB    Adapt-β
  1        3.01       2.93       2.89       3.16       3.98       3.16       3.16       3.16
  5        2.88       2.88       2.86       2.82       3.94       2.92       2.92       2.96
  10       3.09       3.05       3.40       3.02       3.65       3.02       3.02       3.17
  20       2.96       2.96       2.96       2.94       3.65       2.94       2.94       3.07
  30       3.31       3.23       3.23       3.23       3.89       3.23       3.23       3.44
  50       3.22       3.18       3.18       3.12       3.88       3.28       3.28       3.14
  70       2.73       2.70       2.70       2.70       3.11       2.79       2.79       2.87
  90     252.09     152.94     153.09     152.97     252.70     152.96     152.97     153.01
  100     452.15       4.48       4.41       4.48     203.53       4.52       4.52     154.10
Saved /home/erzhu419/mine_code/BAPR-HRO/experiments_log/multiseed/sdn_seed6.json
