
=== Main (20 cust, 10 inst, 15 ep, 15 routes), seed=7 ===

===========================================================================
  VRP Experiment: 20 cust, 10 inst, 15 ep, 15 candidate routes
===========================================================================

Method           Ep1    Ep5   Ep10   Ep15    Mean     Δ%  Last5
----------------------------------------------------------------------
Static-NN        267    273    263    267     266  +0.0%    267  (0.1s)
TS               267    268    259    259     266  -0.3%    261  (0.4s)
V1-LCB           267    271    264    259     265  -0.4%    260  (0.2s)
V2-LCB           267    271    260    260     265  -0.5%    261  (0.9s)
Adapt-β          267    271    264    262     265  -0.3%    260  (0.2s)
Hybrid           267    264    264    262     266  -0.3%    261  (0.1s)
Flow-LCB         267    271    264    262     267  +0.3%    261  (0.1s)

--- Learning Curve (avg over 10 instances) ---
Ep    Static-NN         TS     V1-LCB     V2-LCB    Adapt-β     Hybrid   Flow-LCB
  1       267.1      267.1      267.1      267.1      267.1      267.1      267.1
  2       265.3      274.2      274.2      274.2      274.2      274.2      274.2
  3       264.5      279.6      279.6      279.6      279.6      279.6      279.6
  4       268.1      280.8      280.8      280.8      280.8      280.8      280.8
  5       273.3      267.6      270.5      270.6      270.5      264.3      270.5
  6       262.5      257.5      258.4      259.6      261.6      266.8      267.3
  7       260.1      267.9      258.3      259.4      261.3      259.7      264.0
  8       278.5      269.6      264.8      266.3      265.7      264.8      271.3
  9       259.0      256.9      260.3      255.2      256.2      257.7      263.5
  10      262.6      258.9      264.1      260.0      264.1      264.1      264.3
  11      269.0      265.1      259.2      261.2      259.8      263.0      259.3
  12      262.2      257.5      252.8      256.3      253.9      252.8      256.1
  13      262.3      260.3      263.1      259.8      260.1      263.1      261.7
  14      273.5      262.7      265.9      266.9      265.1      264.1      263.9
  15      267.1      259.2      259.4      259.7      261.7      261.7      261.7
Saved /home/erzhu419/mine_code/BAPR-HRO/experiments_log/multiseed/vrp_seed7.json
