
=== Main (20 cust, 10 inst, 15 ep, 15 routes), seed=6 ===

===========================================================================
  VRP Experiment: 20 cust, 10 inst, 15 ep, 15 candidate routes
===========================================================================

Method           Ep1    Ep5   Ep10   Ep15    Mean     Δ%  Last5
----------------------------------------------------------------------
Static-NN        235    241    233    233     235  +0.0%    233  (0.1s)
TS               235    235    229    236     237  +1.1%    235  (0.4s)
V1-LCB           235    235    229    235     237  +0.7%    234  (0.2s)
V2-LCB           235    235    229    235     237  +1.0%    235  (0.7s)
Adapt-β          235    235    230    235     237  +0.7%    233  (0.1s)
Hybrid           235    241    228    235     237  +1.0%    235  (0.1s)
Flow-LCB         235    235    229    235     237  +1.0%    235  (0.1s)

--- Learning Curve (avg over 10 instances) ---
Ep    Static-NN         TS     V1-LCB     V2-LCB    Adapt-β     Hybrid   Flow-LCB
  1       234.9      234.9      234.9      234.9      234.9      234.9      234.9
  2       247.2      242.5      242.5      242.5      242.5      242.5      242.5
  3       234.3      247.1      247.1      247.1      247.1      247.1      247.1
  4       232.0      265.9      265.9      265.9      265.9      265.9      265.9
  5       241.3      235.0      235.3      235.3      235.3      241.3      235.3
  6       235.3      231.6      234.6      234.6      234.6      234.9      234.6
  7       234.5      233.1      230.8      231.3      231.3      229.5      231.3
  8       234.2      232.7      229.4      229.3      229.3      229.8      229.3
  9       232.5      234.2      230.6      230.0      230.0      229.5      230.0
  10      232.7      229.5      229.2      229.0      230.1      228.3      229.2
  11      232.3      235.9      235.5      235.9      234.1      233.5      235.5
  12      236.5      239.9      238.7      238.4      238.7      239.8      238.7
  13      228.4      229.3      226.6      231.8      226.6      232.0      231.4
  14      232.8      234.7      232.4      235.1      232.4      233.5      235.5
  15      233.4      235.9      234.7      235.4      234.5      234.8      234.5
Saved /home/erzhu419/mine_code/BAPR-HRO/experiments_log/multiseed/vrp_seed6.json
